<?xml version="1.0" encoding="UTF-8"?>
<testng-results ignored="0" total="2" passed="2" failed="0" skipped="0">
  <reporter-output>
  </reporter-output>
  <suite started-at="2022-02-18T13:29:34 IST" name="Default suite" finished-at="2022-02-18T13:29:39 IST" duration-ms="5066">
    <groups>
    </groups>
    <test started-at="2022-02-18T13:29:34 IST" name="Default test" finished-at="2022-02-18T13:29:39 IST" duration-ms="5066">
      <class name="apiTests.PostAPiUsingPojo">
        <test-method signature="ObjectMapperPojo()[pri:1, instance:apiTests.PostAPiUsingPojo@1eb5174b]" started-at="2022-02-18T13:29:34 IST" name="ObjectMapperPojo" finished-at="2022-02-18T13:29:35 IST" duration-ms="787" status="PASS">
          <reporter-output>
          </reporter-output>
        </test-method> <!-- ObjectMapperPojo -->
        <test-method signature="PostRequestWithPojo()[pri:0, instance:apiTests.PostAPiUsingPojo@1eb5174b]" started-at="2022-02-18T13:29:35 IST" name="PostRequestWithPojo" finished-at="2022-02-18T13:29:39 IST" depends-on-methods="apiTests.PostAPiUsingPojo.ObjectMapperPojo" duration-ms="4196" status="PASS">
          <reporter-output>
          </reporter-output>
        </test-method> <!-- PostRequestWithPojo -->
      </class> <!-- apiTests.PostAPiUsingPojo -->
    </test> <!-- Default test -->
  </suite> <!-- Default suite -->
</testng-results>
